C51 COMPILER V9.56.0.0   INTR                                                              06/07/2017 11:25:54 PAGE 1   


C51 COMPILER V9.56.0.0, COMPILATION OF MODULE INTR
OBJECT MODULE PLACED IN .\Objects\intr.obj
COMPILER INVOKED BY: C:\Keil_v5\C51\BIN\C51.EXE intr.c OPTIMIZE(8,SPEED) BROWSE DEBUG OBJECTEXTEND PRINT(.\Listings\intr
                    -.lst) TABS(2) OBJECT(.\Objects\intr.obj)

line level    source

   1          #include <reg52.h>
   2          #include "intr.h"
   3          #include "key.h"
   4          #include "mcr_bit.h"
   5          #include "motor.h"
   6          
   7          //#define ITR_2MS //2秒计时开始使能
   8          #define TM0CNTER 33 //2ms计时
   9          
  10          static UCHAR TM0Cnt = 0;
  11          #ifdef AUTO_STALL_STOP
              UINT Cnt_2MS = 0;
              #endif
  14          
  15          void intr_init(void)
  16          {
  17   1        EA = 0;
  18   1        TMOD = 0x01;
  19   1        TH0  = 0xFC;
  20   1        TL0  = 0x67;
  21   1        ET0  = 1;
  22   1        TR0  = 1; 
  23   1        EA = 1;
  24   1      }
  25          
  26          void InterruptTimer0() interrupt 1
  27          {
  28   1        static bit div = 0;
  29   1      
  30   1        TM0Cnt++;
  31   1        /* 2ms */
  32   1        TH0 = 0xFC;
  33   1          TL0 = 0x67;
  34   1        KeyScan();
  35   1      #ifdef ITR_2MS
                div = ~div;
                
                  if(div == 1){
                  TurnMotor();
                  }
              #endif
  42   1        if(Flag_StepCntFwdNoLimit || Flag_StepCntRevNoLimit){
  43   2          div = ~div;
  44   2        
  45   2          if(div == 1){
  46   3      #ifdef AUTO_STALL_STOP
                    if(!Flag_StopNoLimit){
                      Cnt_2MS++;
                    }
                    if(Cnt_2MS >= CNT_2MS_NOLIMIT){
                      Cnt_2MS = 0;
                      beats = 0;
                      Flag_StopNoLimit = 1;
                    }
C51 COMPILER V9.56.0.0   INTR                                                              06/07/2017 11:25:54 PAGE 2   

              #endif
  56   3            TurnMotor();
  57   3          }
  58   2        }else{
  59   2      #ifndef ITR_2MS
  60   2          if(TM0Cnt >= TM0CNTER){
  61   3            TM0Cnt = 0;
  62   3            TurnMotor();
  63   3          }
  64   2        }
  65   1      #endif
  66   1      }


MODULE INFORMATION:   STATIC OVERLAYABLE
   CODE SIZE        =    111    ----
   CONSTANT SIZE    =   ----    ----
   XDATA SIZE       =   ----    ----
   PDATA SIZE       =   ----    ----
   DATA SIZE        =      1    ----
   IDATA SIZE       =   ----    ----
   BIT SIZE         =      1    ----
END OF MODULE INFORMATION.


C51 COMPILATION COMPLETE.  0 WARNING(S),  0 ERROR(S)
